<?xml version="1.0" encoding="UTF-8"?>
<!-- Generated by org.testng.reporters.JUnitReportReporter -->
<testsuite skipped="0" hostname="WKWIN4983590" name="com.aapium.setUp.AppLaunch" tests="1" failures="0" timestamp="13 Nov 2019 18:28:51 GMT" time="156.100" errors="0">
  <testcase name="AppLaunchTest" time="156.100" classname="com.aapium.setUp.AppLaunch"/>
</testsuite> <!-- com.aapium.setUp.AppLaunch -->
