<?xml version="1.0" encoding="UTF-8"?>
<!-- Generated by org.testng.reporters.JUnitReportReporter -->
<testsuite skipped="0" hostname="WKWIN4983590" name="angularPOC.NavTest" tests="3" failures="0" timestamp="2020-02-10T15:34:58 IST" time="12.767" errors="0">
  <testcase name="allTabNav" time="2.009" classname="angularPOC.NavTest"/>
  <testcase name="InventoryTest" time="5.136" classname="angularPOC.NavTest"/>
  <testcase name="QualitiesTest" time="5.622" classname="angularPOC.NavTest"/>
</testsuite> <!-- angularPOC.NavTest -->
