<?xml version="1.0" encoding="UTF-8"?>
<!-- Generated by org.testng.reporters.JUnitReportReporter -->
<testsuite skipped="3" hostname="WKWIN4983590" name="angularPOC.NavTest" tests="4" failures="0" timestamp="2020-02-18T15:35:04 IST" time="0.017" errors="0">
  <testcase name="TestdataTest" time="0.017" classname="angularPOC.NavTest"/>
  <testcase name="QualitiesTest" classname="angularPOC.NavTest">
    <skipped/>
  </testcase> <!-- QualitiesTest -->
  <testcase name="InventoryTest" classname="angularPOC.NavTest">
    <skipped/>
  </testcase> <!-- InventoryTest -->
  <testcase name="allTabNav" classname="angularPOC.NavTest">
    <skipped/>
  </testcase> <!-- allTabNav -->
</testsuite> <!-- angularPOC.NavTest -->
