<?xml version="1.0" encoding="UTF-8"?>
<!-- Generated by org.testng.reporters.JUnitReportReporter -->
<testsuite skipped="0" hostname="WKWIN4983590" name="getTests.SampleTest" tests="1" failures="0" timestamp="2020-01-16T21:14:41 IST" time="6.097" errors="0">
  <testcase name="GetUserDetails" time="6.097" classname="getTests.SampleTest"/>
</testsuite> <!-- getTests.SampleTest -->
