<?xml version="1.0" encoding="UTF-8"?>
<!-- Generated by org.testng.reporters.JUnitReportReporter -->
<testsuite skipped="0" hostname="WKWIN4983590" name="headlessTest.Headless" tests="1" failures="0" timestamp="19 Aug 2019 06:19:57 GMT" time="5.582" errors="0">
  <testcase name="Launch" time="5.582" classname="headlessTest.Headless"/>
</testsuite> <!-- headlessTest.Headless -->
