<?xml version="1.0" encoding="UTF-8"?>
<!-- Generated by org.testng.reporters.JUnitReportReporter -->
<testsuite skipped="0" hostname="WKWIN4983590" name="alteroAppTest.End2EndRegression" tests="1" failures="0" timestamp="30 Nov 2019 18:59:24 GMT" time="1.108" errors="0">
  <testcase name="LoginTest" time="1.108" classname="alteroAppTest.End2EndRegression"/>
</testsuite> <!-- alteroAppTest.End2EndRegression -->
