<?xml version="1.0" encoding="UTF-8"?>
<!-- Generated by org.testng.reporters.JUnitReportReporter -->
<testsuite skipped="0" hostname="WKWIN4983590" name="Headless" tests="1" failures="0" timestamp="30 Jul 2019 11:19:56 GMT" time="2.827" errors="0">
  <testcase name="Launch" time="2.827" classname="Headless"/>
</testsuite> <!-- Headless -->
