<?xml version="1.0" encoding="UTF-8"?>
<!-- Generated by org.testng.reporters.JUnitReportReporter -->
<testsuite skipped="0" hostname="WKWIN4983590" name="headlessTest.Headless" tests="1" failures="0" timestamp="30 Jul 2019 11:31:00 GMT" time="2.880" errors="0">
  <testcase name="Launch" time="2.880" classname="headlessTest.Headless"/>
</testsuite> <!-- headlessTest.Headless -->
