<?xml version="1.0" encoding="UTF-8"?>
<!-- Generated by org.testng.reporters.JUnitReportReporter -->
<testsuite skipped="0" hostname="WKWIN4983590" name="alteroAppTest.End2EndRegression" tests="1" failures="0" timestamp="05 Dec 2019 15:50:14 GMT" time="1.009" errors="0">
  <testcase name="LoginTest" time="1.009" classname="alteroAppTest.End2EndRegression"/>
</testsuite> <!-- alteroAppTest.End2EndRegression -->
