<?xml version="1.0" encoding="UTF-8"?>
<!-- Generated by org.testng.reporters.JUnitReportReporter -->
<testsuite skipped="0" hostname="WKWIN4983590" name="headlessTest.Headless" tests="1" failures="0" timestamp="30 Nov 2019 11:42:12 GMT" time="2.248" errors="0">
  <testcase name="Launch" time="2.248" classname="headlessTest.Headless"/>
</testsuite> <!-- headlessTest.Headless -->
